PayPalSimpleApp/app/build/intermediates/manifest_merge_blame_file/debug/processDebugMainManifest/manifest-merger-blame-debug-report.txt
1<?xml version="1.0" encoding="utf-8"?>
2<manifest xmlns:android="http://schemas.android.com/apk/res/android"
3    package="com.example.paypal.simpleapp"
4    android:versionCode="1"
5    android:versionName="1.0" >
6
7    <uses-sdk
8        android:minSdkVersion="21"
9        android:targetSdkVersion="35" />
10
11    <uses-permission android:name="android.permission.INTERNET" />
11-->src/main/AndroidManifest.xml:4:5-67
11-->src/main/AndroidManifest.xml:4:22-64
12    <uses-permission android:name="android.permission.ACCESS_NETWORK_STATE" />
12-->[:FraudProtection] AndroidManifest.xml:8:5-79
12-->[:FraudProtection] AndroidManifest.xml:8:22-76
13
14    <queries>
14-->[com.braintreepayments.api:browser-switch:2.3.1] AndroidManifest.xml:9:5-20:15
15        <intent>
15-->[com.braintreepayments.api:browser-switch:2.3.1] AndroidManifest.xml:10:9-16:18
16            <action android:name="android.intent.action.VIEW" />
16-->src/main/AndroidManifest.xml:22:17-69
16-->src/main/AndroidManifest.xml:22:25-66
17
18            <category android:name="android.intent.category.BROWSABLE" />
18-->src/main/AndroidManifest.xml:25:17-78
18-->src/main/AndroidManifest.xml:25:27-75
19
20            <data android:scheme="https" />
20-->src/main/AndroidManifest.xml:23:17-71
20-->src/main/AndroidManifest.xml:23:23-68
21        </intent>
22        <intent>
22-->[com.braintreepayments.api:browser-switch:2.3.1] AndroidManifest.xml:17:9-19:18
23            <action android:name="android.support.customtabs.action.CustomTabsService" />
23-->[com.braintreepayments.api:browser-switch:2.3.1] AndroidManifest.xml:18:13-90
23-->[com.braintreepayments.api:browser-switch:2.3.1] AndroidManifest.xml:18:21-87
24        </intent>
25    </queries>
26
27    <permission
27-->[androidx.core:core:1.9.0] AndroidManifest.xml:22:5-24:47
28        android:name="com.example.paypal.simpleapp.DYNAMIC_RECEIVER_NOT_EXPORTED_PERMISSION"
28-->[androidx.core:core:1.9.0] AndroidManifest.xml:23:9-81
29        android:protectionLevel="signature" />
29-->[androidx.core:core:1.9.0] AndroidManifest.xml:24:9-44
30
31    <uses-permission android:name="com.example.paypal.simpleapp.DYNAMIC_RECEIVER_NOT_EXPORTED_PERMISSION" />
31-->[androidx.core:core:1.9.0] AndroidManifest.xml:26:5-97
31-->[androidx.core:core:1.9.0] AndroidManifest.xml:26:22-94
32
33    <application
33-->src/main/AndroidManifest.xml:6:5-28:19
34        android:allowBackup="true"
34-->src/main/AndroidManifest.xml:7:9-35
35        android:appComponentFactory="androidx.core.app.CoreComponentFactory"
35-->[androidx.core:core:1.9.0] AndroidManifest.xml:28:18-86
36        android:debuggable="true"
37        android:extractNativeLibs="true"
38        android:label="@string/app_name"
38-->src/main/AndroidManifest.xml:8:9-41
39        android:networkSecurityConfig="@xml/network_security_config"
39-->src/main/AndroidManifest.xml:9:9-69
40        android:supportsRtl="true"
40-->src/main/AndroidManifest.xml:11:9-35
41        android:testOnly="true"
42        android:theme="@style/Theme.PayPalSimpleApp" >
42-->src/main/AndroidManifest.xml:10:9-53
43        <activity
43-->src/main/AndroidManifest.xml:13:9-27:20
44            android:name="com.example.paypal.simpleapp.MainActivity"
44-->src/main/AndroidManifest.xml:14:13-41
45            android:exported="true"
45-->src/main/AndroidManifest.xml:15:13-36
46            android:launchMode="singleTop" >
46-->src/main/AndroidManifest.xml:16:13-43
47            <intent-filter>
47-->src/main/AndroidManifest.xml:17:13-20:29
48                <action android:name="android.intent.action.MAIN" />
48-->src/main/AndroidManifest.xml:18:17-69
48-->src/main/AndroidManifest.xml:18:25-66
49
50                <category android:name="android.intent.category.LAUNCHER" />
50-->src/main/AndroidManifest.xml:19:17-77
50-->src/main/AndroidManifest.xml:19:27-74
51            </intent-filter>
52            <intent-filter>
52-->src/main/AndroidManifest.xml:21:13-26:29
53                <action android:name="android.intent.action.VIEW" />
53-->src/main/AndroidManifest.xml:22:17-69
53-->src/main/AndroidManifest.xml:22:25-66
54
55                <data android:scheme="com.example.paypal.simpleapp" />
55-->src/main/AndroidManifest.xml:23:17-71
55-->src/main/AndroidManifest.xml:23:23-68
56
57                <category android:name="android.intent.category.DEFAULT" />
57-->src/main/AndroidManifest.xml:24:17-76
57-->src/main/AndroidManifest.xml:24:27-73
58                <category android:name="android.intent.category.BROWSABLE" />
58-->src/main/AndroidManifest.xml:25:17-78
58-->src/main/AndroidManifest.xml:25:27-75
59            </intent-filter>
60        </activity>
61
62        <provider
62-->[androidx.emoji2:emoji2:1.3.0] AndroidManifest.xml:24:9-32:20
63            android:name="androidx.startup.InitializationProvider"
63-->[androidx.emoji2:emoji2:1.3.0] AndroidManifest.xml:25:13-67
64            android:authorities="com.example.paypal.simpleapp.androidx-startup"
64-->[androidx.emoji2:emoji2:1.3.0] AndroidManifest.xml:26:13-68
65            android:exported="false" >
65-->[androidx.emoji2:emoji2:1.3.0] AndroidManifest.xml:27:13-37
66            <meta-data
66-->[androidx.emoji2:emoji2:1.3.0] AndroidManifest.xml:29:13-31:52
67                android:name="androidx.emoji2.text.EmojiCompatInitializer"
67-->[androidx.emoji2:emoji2:1.3.0] AndroidManifest.xml:30:17-75
68                android:value="androidx.startup" />
68-->[androidx.emoji2:emoji2:1.3.0] AndroidManifest.xml:31:17-49
69            <meta-data
69-->[androidx.lifecycle:lifecycle-process:2.6.1] AndroidManifest.xml:29:13-31:52
70                android:name="androidx.lifecycle.ProcessLifecycleInitializer"
70-->[androidx.lifecycle:lifecycle-process:2.6.1] AndroidManifest.xml:30:17-78
71                android:value="androidx.startup" />
71-->[androidx.lifecycle:lifecycle-process:2.6.1] AndroidManifest.xml:31:17-49
72            <meta-data
72-->[androidx.profileinstaller:profileinstaller:1.3.0] AndroidManifest.xml:29:13-31:52
73                android:name="androidx.profileinstaller.ProfileInstallerInitializer"
73-->[androidx.profileinstaller:profileinstaller:1.3.0] AndroidManifest.xml:30:17-85
74                android:value="androidx.startup" />
74-->[androidx.profileinstaller:profileinstaller:1.3.0] AndroidManifest.xml:31:17-49
75        </provider>
76
77        <activity
77-->[androidx.compose.ui:ui-tooling:1.4.3] AndroidManifest.xml:23:9-25:39
78            android:name="androidx.compose.ui.tooling.PreviewActivity"
78-->[androidx.compose.ui:ui-tooling:1.4.3] AndroidManifest.xml:24:13-71
79            android:exported="true" />
79-->[androidx.compose.ui:ui-tooling:1.4.3] AndroidManifest.xml:25:13-36
80
81        <receiver
81-->[androidx.profileinstaller:profileinstaller:1.3.0] AndroidManifest.xml:34:9-52:20
82            android:name="androidx.profileinstaller.ProfileInstallReceiver"
82-->[androidx.profileinstaller:profileinstaller:1.3.0] AndroidManifest.xml:35:13-76
83            android:directBootAware="false"
83-->[androidx.profileinstaller:profileinstaller:1.3.0] AndroidManifest.xml:36:13-44
84            android:enabled="true"
84-->[androidx.profileinstaller:profileinstaller:1.3.0] AndroidManifest.xml:37:13-35
85            android:exported="true"
85-->[androidx.profileinstaller:profileinstaller:1.3.0] AndroidManifest.xml:38:13-36
86            android:permission="android.permission.DUMP" >
86-->[androidx.profileinstaller:profileinstaller:1.3.0] AndroidManifest.xml:39:13-57
87            <intent-filter>
87-->[androidx.profileinstaller:profileinstaller:1.3.0] AndroidManifest.xml:40:13-42:29
88                <action android:name="androidx.profileinstaller.action.INSTALL_PROFILE" />
88-->[androidx.profileinstaller:profileinstaller:1.3.0] AndroidManifest.xml:41:17-91
88-->[androidx.profileinstaller:profileinstaller:1.3.0] AndroidManifest.xml:41:25-88
89            </intent-filter>
90            <intent-filter>
90-->[androidx.profileinstaller:profileinstaller:1.3.0] AndroidManifest.xml:43:13-45:29
91                <action android:name="androidx.profileinstaller.action.SKIP_FILE" />
91-->[androidx.profileinstaller:profileinstaller:1.3.0] AndroidManifest.xml:44:17-85
91-->[androidx.profileinstaller:profileinstaller:1.3.0] AndroidManifest.xml:44:25-82
92            </intent-filter>
93            <intent-filter>
93-->[androidx.profileinstaller:profileinstaller:1.3.0] AndroidManifest.xml:46:13-48:29
94                <action android:name="androidx.profileinstaller.action.SAVE_PROFILE" />
94-->[androidx.profileinstaller:profileinstaller:1.3.0] AndroidManifest.xml:47:17-88
94-->[androidx.profileinstaller:profileinstaller:1.3.0] AndroidManifest.xml:47:25-85
95            </intent-filter>
96            <intent-filter>
96-->[androidx.profileinstaller:profileinstaller:1.3.0] AndroidManifest.xml:49:13-51:29
97                <action android:name="androidx.profileinstaller.action.BENCHMARK_OPERATION" />
97-->[androidx.profileinstaller:profileinstaller:1.3.0] AndroidManifest.xml:50:17-95
97-->[androidx.profileinstaller:profileinstaller:1.3.0] AndroidManifest.xml:50:25-92
98            </intent-filter>
99        </receiver>
100    </application>
101
102</manifest>